ERROR: 24-05-2022 10:59:09-Sorry, page not found. Check address or try again!
file 'C:\OpenServer\domains\scandiweb.local.net\application\core\route.php
 In line 52

ERROR: 24-05-2022 11:00:46-Sorry, page not found. Check address or try again!
file 'C:\OpenServer\domains\scandiweb.local.net\application\core\route.php
 In line 52

ERROR: 24-05-2022 11:01:27-Sorry, page not found. Check address or try again!
file 'C:\OpenServer\domains\scandiweb.local.net\application\core\route.php
 In line 52

ERROR: 24-05-2022 11:03:21-Controller Error : application/controllers/controller_sjc.php
file 'C:\OpenServer\domains\scandiweb.local.net\application\core\route.php
 In line 52

ERROR: 24-05-2022 11:04:33 Controller Error : application/controllers/controller_dsj.php
file 'C:\OpenServer\domains\scandiweb.local.net\application\core\route.php
 In line 52

ERROR: 24-05-2022 14:33:01 Controller Error : application/controllers/controller_dskjcn.php
file 'C:\OpenServer\domains\scandiweb.local.net\application\core\route.php Line 52

ERROR: 25-05-2022 13:45:34 Controller Error : application/controllers/controller_hnap1.php
file 'C:\OpenServer\domains\scandiweb.local.net\application\core\route.php Line 50

ERROR: 29-05-2022 9:16:23 Controller Error : application/controllers/controller_hnap1.php
file 'C:\OpenServer\domains\scandiweb.local.net\application\core\route.php Line 50

ERROR: 02-06-2022 19:08:58 Controller Error : application/controllers/controller_css.php
file 'C:\OpenServer\domains\scandiweb.local.net\application\core\route.php Line 52

ERROR: 05-06-2022 8:59:39 Controller Error : application/controllers/controller_calen.php
file 'C:\OpenServer\domains\scandiweb.local.net\application\core\route.php Line 52

ERROR: 10-05-2024 18:09:08 Controller Error : application/controllers/controller_favicon.ico.php
file '/var/www/simpleshop.local.net/application/core/route.php Line 52

ERROR: 10-05-2024 18:09:11 Controller Error : application/controllers/controller_favicon.ico.php
file '/var/www/simpleshop.local.net/application/core/route.php Line 52

ERROR: 10-05-2024 18:09:21 Controller Error : application/controllers/controller_favicon.ico.php
file '/var/www/simpleshop.local.net/application/core/route.php Line 52

ERROR: 10-05-2024 18:12:09 Controller Error : application/controllers/controller_favicon.ico.php
file '/var/www/simpleshop.local.net/application/core/route.php Line 52

ERROR: 10-05-2024 18:27:59 Controller Error : application/controllers/controller_favicon.ico.php
file '/var/www/simpleshop.local.net/application/core/route.php Line 52

ERROR: 10-05-2024 18:28:08 Controller Error : application/controllers/controller_favicon.ico.php
file '/var/www/simpleshop.local.net/application/core/route.php Line 52

ERROR: 10-05-2024 18:45:21 Controller Error : application/controllers/controller_favicon.ico.php
file '/var/www/simpleshop.local.net/application/core/route.php Line 52

ERROR: 10-05-2024 18:52:07 Controller Error : application/controllers/controller_favicon.ico.php
file '/var/www/simpleshop.local.net/application/core/route.php Line 52

ERROR: 10-05-2024 18:52:13 Controller Error : application/controllers/controller_favicon.ico.php
file '/var/www/simpleshop.local.net/application/core/route.php Line 52

ERROR: 10-05-2024 22:22:23 Controller Error : application/controllers/controller_favicon.ico.php
file '/var/www/simpleshop.local.net/application/core/route.php Line 52

ERROR: 10-05-2024 22:53:41 Controller Error : application/controllers/controller_help.php
file '/var/www/simpleshop.local.net/application/core/route.php Line 52

ERROR: 10-05-2024 22:53:47 Controller Error : application/controllers/controller_about.php
file '/var/www/simpleshop.local.net/application/core/route.php Line 52

ERROR: 10-05-2024 22:53:52 Controller Error : application/controllers/controller_help.php
file '/var/www/simpleshop.local.net/application/core/route.php Line 52

ERROR: 10-05-2024 22:54:16 Controller Error : application/controllers/controller_add-products.php
file '/var/www/simpleshop.local.net/application/core/route.php Line 52

ERROR: 10-05-2024 23:02:29 Controller Error : application/controllers/controller_sad.php
file '/var/www/simpleshop.local.net/application/core/route.php Line 52

ERROR: 11-05-2024 6:24:09 Controller Error : application/controllers/controller_favicon.ico.php
file '/var/www/simpleshop.local.net/application/core/route.php Line 52

ERROR: 11-05-2024 7:55:32 Controller Error : application/controllers/controller_main.php
file '/var/www/simpleshop.local.net/application/core/Route.php Line 51

ERROR: 11-05-2024 7:55:34 Controller Error : application/controllers/controller_main.php
file '/var/www/simpleshop.local.net/application/core/Route.php Line 51

ERROR: 11-05-2024 8:41:56 Controller Error : application/controllers/Controller_Favicon.ico.php
file '/var/www/simpleshop.local.net/application/core/Route.php Line 56

ERROR: 12-05-2024 19:26:05 Controller Error : application/controllers/Controller_Favicon.ico.php
file '/var/www/simpleshop.local.net/application/core/Route.php Line 56

ERROR: 12-05-2024 19:47:05 Controller Error : application/controllers/Controller_Favicon.ico.php
file '/var/www/simpleshop.local.net/application/core/Route.php Line 56

ERROR: 12-05-2024 19:47:07 Controller Error : application/controllers/Controller_Favicon.ico.php
file '/var/www/simpleshop.local.net/application/core/Route.php Line 56

ERROR: 12-05-2024 19:54:40 Controller Error : application/controllers/Controller_Favicon.ico.php
file '/var/www/simpleshop.local.net/application/core/Route.php Line 56

